[2025-12-07 23:21:57] [INFO] Logger initialized.
[2025-12-07 23:21:57] [INFO] Application Starting...
[2025-12-07 23:21:57] [INFO] Game Engine Initialized
[2025-12-07 23:21:57] [STATE] Game: NULL -> MenuState
[2025-12-07 23:21:58] [INFO] Game Started - Stable Edition
[2025-12-07 23:21:58] [STATE] Game: MenuState -> PlayingState
[2025-12-07 23:22:08] [PLAYER] Shield Activated!
[2025-12-07 23:22:10] [PLAYER] Shield absorbed damage!
[2025-12-07 23:22:20] [PLAYER] Shield Activated!
[2025-12-07 23:22:22] [PLAYER] Shield absorbed damage!
[2025-12-07 23:22:23] [PLAYER] Shield absorbed damage!
[2025-12-07 23:22:23] [PLAYER] Shield absorbed damage!
[2025-12-07 23:22:23] [PLAYER] Shield absorbed damage!
[2025-12-07 23:22:26] [PLAYER] Shield Activated!
[2025-12-07 23:22:28] [PLAYER] Shield Activated!
[2025-12-07 23:22:29] [PLAYER] Shield Activated!
[2025-12-07 23:22:30] [PLAYER] Shield Activated!
[2025-12-07 23:22:31] [PLAYER] Shield Activated!
[2025-12-07 23:22:32] [PLAYER] Shield Activated!
[2025-12-07 23:22:33] [PLAYER] Shield Activated!
[2025-12-07 23:22:33] [PLAYER] Shield Activated!
[2025-12-07 23:22:34] [PLAYER] Shield Activated!
[2025-12-07 23:22:34] [PLAYER] Shield Activated!
[2025-12-07 23:22:34] [PLAYER] Shield Activated!
[2025-12-07 23:22:35] [PLAYER] Shield Activated!
[2025-12-07 23:22:36] [PLAYER] Shield Activated!
[2025-12-07 23:22:36] [PLAYER] Shield Activated!
[2025-12-07 23:22:36] [PLAYER] Shield absorbed damage!
[2025-12-07 23:22:38] [PLAYER] Shield absorbed damage!
[2025-12-07 23:22:39] [PLAYER] Shield Activated!
[2025-12-07 23:22:40] [PLAYER] Shield absorbed damage!
[2025-12-07 23:22:40] [PLAYER] Shield absorbed damage!
[2025-12-07 23:22:41] [PLAYER] Shield absorbed damage!
[2025-12-07 23:22:44] [PLAYER] Shield Activated!
[2025-12-07 23:22:45] [PLAYER] Shield absorbed damage!
[2025-12-07 23:22:47] [PLAYER] Shield Activated!
[2025-12-07 23:22:47] [PLAYER] Shield Activated!
[2025-12-07 23:22:47] [PLAYER] Shield Activated!
[2025-12-07 23:22:49] [PLAYER] Shield Activated!
[2025-12-07 23:22:50] [PLAYER] Shield absorbed damage!
[2025-12-07 23:22:52] [PLAYER] Shield Activated!
[2025-12-07 23:22:52] [PLAYER] Shield Activated!
[2025-12-07 23:22:53] [PLAYER] Shield absorbed damage!
[2025-12-07 23:22:53] [PLAYER] Shield Activated!
[2025-12-07 23:22:54] [PLAYER] Shield Activated!
[2025-12-07 23:22:55] [PLAYER] Shield Activated!
[2025-12-07 23:22:55] [PLAYER] Shield absorbed damage!
[2025-12-07 23:22:57] [PLAYER] Shield Activated!
[2025-12-07 23:22:59] [PLAYER] Shield Activated!
[2025-12-07 23:23:00] [PLAYER] Shield Activated!
[2025-12-07 23:23:03] [PLAYER] Shield Activated!
[2025-12-07 23:23:03] [PLAYER] Shield Activated!
[2025-12-07 23:23:04] [PLAYER] Shield absorbed damage!
[2025-12-07 23:23:04] [PLAYER] Shield absorbed damage!
[2025-12-07 23:23:05] [PLAYER] Shield absorbed damage!
[2025-12-07 23:23:05] [PLAYER] Shield Activated!
[2025-12-07 23:23:05] [PLAYER] Shield absorbed damage!
[2025-12-07 23:23:05] [PLAYER] Shield Activated!
[2025-12-07 23:23:08] [PLAYER] Shield Activated!
[2025-12-07 23:23:08] [PLAYER] Shield absorbed damage!
[2025-12-07 23:23:08] [PLAYER] Shield Activated!
[2025-12-07 23:23:09] [PLAYER] Shield absorbed damage!
[2025-12-07 23:23:09] [PLAYER] Shield Activated!
[2025-12-07 23:23:09] [PLAYER] Shield absorbed damage!
[2025-12-07 23:23:11] [PLAYER] Shield Activated!
[2025-12-07 23:23:11] [PLAYER] Shield Activated!
[2025-12-07 23:23:11] [PLAYER] Shield Activated!
[2025-12-07 23:23:12] [PLAYER] Shield absorbed damage!
[2025-12-07 23:23:15] [PLAYER] Shield absorbed damage!
[2025-12-07 23:23:43] [INFO] Application Stopping...
[2025-12-07 23:23:43] [INFO] Closing logger.
